# JRE version: Java(TM) SE Runtime Environment (8.0_171-b11) (build 1.8.0_171-b11)
# Java VM: Java HotSpot(TM) 64-Bit Server VM (25.171-b11 mixed mode linux-amd64 compressed oops)
Heap:
 PSYoungGen      total 1893376K, used 65947K [0x00000006e7580000, 0x00000007c0000000, 0x00000007c0000000)
  eden space 1183232K, 0% used [0x00000006e7580000,0x00000006e7580000,0x000000072f900000)
  from space 710144K, 9% used [0x0000000794a80000,0x0000000798ae6d68,0x00000007c0000000)
  to   space 1183232K, 0% used [0x000000072f900000,0x000000072f900000,0x0000000777c80000)
 ParOldGen       total 3181568K, used 3181364K [0x0000000536000000, 0x00000005f8300000, 0x00000006e7580000)
  object space 3181568K, 99% used [0x0000000536000000,0x00000005f82cd3d8,0x00000005f8300000)
 Metaspace       used 294462K, capacity 304076K, committed 396136K, reserved 1394688K
  class space    used 35886K, capacity 38372K, committed 51120K, reserved 1048576K
GC Heap History (10 events):
Event: 802.258 GC heap after
Heap after GC invocations=130 (full 7):
 PSYoungGen      total 3418624K, used 27596K [0x00000006e7580000, 0x00000007c0000000, 0x00000007c0000000)
  eden space 3287552K, 0% used [0x00000006e7580000,0x00000006e7580000,0x00000007b0000000)
  from space 131072K, 21% used [0x00000007b0000000,0x00000007b1af3378,0x00000007b8000000)
  to   space 131072K, 0% used [0x00000007b8000000,0x00000007b8000000,0x00000007c0000000)
 ParOldGen       total 1810944K, used 880236K [0x0000000536000000, 0x00000005a4880000, 0x00000006e7580000)
  object space 1810944K, 48% used [0x0000000536000000,0x000000056bb9b0e8,0x00000005a4880000)
 Metaspace       used 294459K, capacity 304064K, committed 396136K, reserved 1394688K
  class space    used 35886K, capacity 38372K, committed 51120K, reserved 1048576K
}
Event: 806.496 GC heap before
{Heap before GC invocations=131 (full 7):
 PSYoungGen      total 3418624K, used 3315148K [0x00000006e7580000, 0x00000007c0000000, 0x00000007c0000000)
  eden space 3287552K, 100% used [0x00000006e7580000,0x00000007b0000000,0x00000007b0000000)
  from space 131072K, 21% used [0x00000007b0000000,0x00000007b1af3378,0x00000007b8000000)
  to   space 131072K, 0% used [0x00000007b8000000,0x00000007b8000000,0x00000007c0000000)
 ParOldGen       total 1810944K, used 880236K [0x0000000536000000, 0x00000005a4880000, 0x00000006e7580000)
  object space 1810944K, 48% used [0x0000000536000000,0x000000056bb9b0e8,0x00000005a4880000)
 Metaspace       used 294461K, capacity 304072K, committed 396136K, reserved 1394688K
  class space    used 35886K, capacity 38372K, committed 51120K, reserved 1048576K
Event: 807.383 GC heap after
Heap after GC invocations=131 (full 7):
 PSYoungGen      total 2260480K, used 131040K [0x00000006e7580000, 0x00000007c0000000, 0x00000007c0000000)
  eden space 2129408K, 0% used [0x00000006e7580000,0x00000006e7580000,0x0000000769500000)
  from space 131072K, 99% used [0x00000007b8000000,0x00000007bfff8170,0x00000007c0000000)
  to   space 710144K, 0% used [0x0000000769500000,0x0000000769500000,0x0000000794a80000)
 ParOldGen       total 1810944K, used 1796157K [0x0000000536000000, 0x00000005a4880000, 0x00000006e7580000)
  object space 1810944K, 99% used [0x0000000536000000,0x00000005a3a0f6b8,0x00000005a4880000)
 Metaspace       used 294461K, capacity 304072K, committed 396136K, reserved 1394688K
  class space    used 35886K, capacity 38372K, committed 51120K, reserved 1048576K
}
Event: 807.383 GC heap before
{Heap before GC invocations=132 (full 8):
 PSYoungGen      total 2260480K, used 131040K [0x00000006e7580000, 0x00000007c0000000, 0x00000007c0000000)
  eden space 2129408K, 0% used [0x00000006e7580000,0x00000006e7580000,0x0000000769500000)
  from space 131072K, 99% used [0x00000007b8000000,0x00000007bfff8170,0x00000007c0000000)
  to   space 710144K, 0% used [0x0000000769500000,0x0000000769500000,0x0000000794a80000)
 ParOldGen       total 1810944K, used 1796157K [0x0000000536000000, 0x00000005a4880000, 0x00000006e7580000)
  object space 1810944K, 99% used [0x0000000536000000,0x00000005a3a0f6b8,0x00000005a4880000)
 Metaspace       used 294461K, capacity 304072K, committed 396136K, reserved 1394688K
  class space    used 35886K, capacity 38372K, committed 51120K, reserved 1048576K
Event: 812.859 GC heap after
Heap after GC invocations=132 (full 8):
 PSYoungGen      total 2260480K, used 111924K [0x00000006e7580000, 0x00000007c0000000, 0x00000007c0000000)
  eden space 2129408K, 0% used [0x00000006e7580000,0x00000006e7580000,0x0000000769500000)
  from space 131072K, 85% used [0x00000007b8000000,0x00000007bed4d250,0x00000007c0000000)
  to   space 710144K, 0% used [0x0000000769500000,0x0000000769500000,0x0000000794a80000)
 ParOldGen       total 3181568K, used 1810670K [0x0000000536000000, 0x00000005f8300000, 0x00000006e7580000)
  object space 3181568K, 56% used [0x0000000536000000,0x00000005a483ba18,0x00000005f8300000)
 Metaspace       used 294461K, capacity 304072K, committed 396136K, reserved 1394688K
  class space    used 35886K, capacity 38372K, committed 51120K, reserved 1048576K
}
Event: 815.820 GC heap before
{Heap before GC invocations=133 (full 8):
 PSYoungGen      total 2260480K, used 2241332K [0x00000006e7580000, 0x00000007c0000000, 0x00000007c0000000)
  eden space 2129408K, 100% used [0x00000006e7580000,0x0000000769500000,0x0000000769500000)
  from space 131072K, 85% used [0x00000007b8000000,0x00000007bed4d250,0x00000007c0000000)
  to   space 710144K, 0% used [0x0000000769500000,0x0000000769500000,0x0000000794a80000)
 ParOldGen       total 3181568K, used 1810670K [0x0000000536000000, 0x00000005f8300000, 0x00000006e7580000)
  object space 3181568K, 56% used [0x0000000536000000,0x00000005a483ba18,0x00000005f8300000)
 Metaspace       used 294462K, capacity 304076K, committed 396136K, reserved 1394688K
  class space    used 35886K, capacity 38372K, committed 51120K, reserved 1048576K
Event: 816.325 GC heap after
Heap after GC invocations=133 (full 8):
 PSYoungGen      total 2839552K, used 710113K [0x00000006e7580000, 0x00000007c0000000, 0x00000007c0000000)
  eden space 2129408K, 0% used [0x00000006e7580000,0x00000006e7580000,0x0000000769500000)
  from space 710144K, 99% used [0x0000000769500000,0x0000000794a78520,0x0000000794a80000)
  to   space 710144K, 0% used [0x0000000794a80000,0x0000000794a80000,0x00000007c0000000)
 ParOldGen       total 3181568K, used 1875190K [0x0000000536000000, 0x00000005f8300000, 0x00000006e7580000)
  object space 3181568K, 58% used [0x0000000536000000,0x00000005a873da58,0x00000005f8300000)
 Metaspace       used 294462K, capacity 304076K, committed 396136K, reserved 1394688K
  class space    used 35886K, capacity 38372K, committed 51120K, reserved 1048576K
}
Event: 819.034 GC heap before
{Heap before GC invocations=134 (full 8):
 PSYoungGen      total 2839552K, used 2839521K [0x00000006e7580000, 0x00000007c0000000, 0x00000007c0000000)
  eden space 2129408K, 100% used [0x00000006e7580000,0x0000000769500000,0x0000000769500000)
  from space 710144K, 99% used [0x0000000769500000,0x0000000794a78520,0x0000000794a80000)
  to   space 710144K, 0% used [0x0000000794a80000,0x0000000794a80000,0x00000007c0000000)
 ParOldGen       total 3181568K, used 1875190K [0x0000000536000000, 0x00000005f8300000, 0x00000006e7580000)
  object space 3181568K, 58% used [0x0000000536000000,0x00000005a873da58,0x00000005f8300000)
 Metaspace       used 294462K, capacity 304076K, committed 396136K, reserved 1394688K
  class space    used 35886K, capacity 38372K, committed 51120K, reserved 1048576K
Event: 819.787 GC heap after
Heap after GC invocations=134 (full 8):
 PSYoungGen      total 1893376K, used 710113K [0x00000006e7580000, 0x00000007c0000000, 0x00000007c0000000)
  eden space 1183232K, 0% used [0x00000006e7580000,0x00000006e7580000,0x000000072f900000)
  from space 710144K, 99% used [0x0000000794a80000,0x00000007bfff8560,0x00000007c0000000)
  to   space 1183232K, 0% used [0x000000072f900000,0x000000072f900000,0x0000000777c80000)
 ParOldGen       total 3181568K, used 2541031K [0x0000000536000000, 0x00000005f8300000, 0x00000006e7580000)
  object space 3181568K, 79% used [0x0000000536000000,0x00000005d1179e88,0x00000005f8300000)
 Metaspace       used 294462K, capacity 304076K, committed 396136K, reserved 1394688K
  class space    used 35886K, capacity 38372K, committed 51120K, reserved 1048576K
}
Event: 819.787 GC heap before
{Heap before GC invocations=135 (full 9):
 PSYoungGen      total 1893376K, used 710113K [0x00000006e7580000, 0x00000007c0000000, 0x00000007c0000000)
  eden space 1183232K, 0% used [0x00000006e7580000,0x00000006e7580000,0x000000072f900000)
  from space 710144K, 99% used [0x0000000794a80000,0x00000007bfff8560,0x00000007c0000000)
  to   space 1183232K, 0% used [0x000000072f900000,0x000000072f900000,0x0000000777c80000)
 ParOldGen       total 3181568K, used 2541031K [0x0000000536000000, 0x00000005f8300000, 0x00000006e7580000)
  object space 3181568K, 79% used [0x0000000536000000,0x00000005d1179e88,0x00000005f8300000)
 Metaspace       used 294462K, capacity 304076K, committed 396136K, reserved 1394688K
  class space    used 35886K, capacity 38372K, committed 51120K, reserved 1048576K

