# JRE version: OpenJDK Runtime Environment (8.0_171-b10) (build 1.8.0_171-b10)
# Java VM: OpenJDK 64-Bit Server VM (25.171-b10 mixed mode linux-amd64 compressed oops)
Heap:
 PSYoungGen      total 2056704K, used 0K [0x000000071d700000, 0x00000007c0000000, 0x00000007c0000000)
  eden space 1728512K, 0% used [0x000000071d700000,0x000000071d700000,0x0000000786f00000)
  from space 328192K, 0% used [0x00000007abf80000,0x00000007abf80000,0x00000007c0000000)
  to   space 467456K, 0% used [0x0000000786f00000,0x0000000786f00000,0x00000007a3780000)
 ParOldGen       total 4076544K, used 1115038K [0x00000005d8400000, 0x00000006d1100000, 0x000000071d700000)
  object space 4076544K, 27% used [0x00000005d8400000,0x000000061c4e7830,0x00000006d1100000)
 Metaspace       used 1511182K, capacity 1553893K, committed 1929880K, reserved 2736128K
  class space    used 180547K, capacity 189011K, committed 243880K, reserved 1048576K
GC Heap History (10 events):
Event: 2904.194 GC heap after
Heap after GC invocations=1190 (full 20):
 PSYoungGen      total 2426368K, used 166214K [0x000000071d700000, 0x00000007bf700000, 0x00000007c0000000)
  eden space 2201600K, 0% used [0x000000071d700000,0x000000071d700000,0x00000007a3d00000)
  from space 224768K, 73% used [0x00000007b1b80000,0x00000007bbdd19a8,0x00000007bf700000)
  to   space 226304K, 0% used [0x00000007a3d00000,0x00000007a3d00000,0x00000007b1a00000)
 ParOldGen       total 4076544K, used 3594172K [0x00000005d8400000, 0x00000006d1100000, 0x000000071d700000)
  object space 4076544K, 88% used [0x00000005d8400000,0x00000006b39ef3f8,0x00000006d1100000)
 Metaspace       used 1858154K, capacity 1949089K, committed 1949208K, reserved 2754560K
  class space    used 228091K, capacity 243711K, committed 243752K, reserved 1048576K
}
Event: 2905.471 GC heap before
{Heap before GC invocations=1191 (full 20):
 PSYoungGen      total 2426368K, used 2367814K [0x000000071d700000, 0x00000007bf700000, 0x00000007c0000000)
  eden space 2201600K, 100% used [0x000000071d700000,0x00000007a3d00000,0x00000007a3d00000)
  from space 224768K, 73% used [0x00000007b1b80000,0x00000007bbdd19a8,0x00000007bf700000)
  to   space 226304K, 0% used [0x00000007a3d00000,0x00000007a3d00000,0x00000007b1a00000)
 ParOldGen       total 4076544K, used 3594172K [0x00000005d8400000, 0x00000006d1100000, 0x000000071d700000)
  object space 4076544K, 88% used [0x00000005d8400000,0x00000006b39ef3f8,0x00000006d1100000)
 Metaspace       used 1859085K, capacity 1950117K, committed 1950360K, reserved 2756608K
  class space    used 228180K, capacity 243799K, committed 243880K, reserved 1048576K
Event: 2905.639 GC heap after
Heap after GC invocations=1191 (full 20):
 PSYoungGen      total 2427904K, used 226303K [0x000000071d700000, 0x00000007c0000000, 0x00000007c0000000)
  eden space 2201600K, 0% used [0x000000071d700000,0x000000071d700000,0x00000007a3d00000)
  from space 226304K, 99% used [0x00000007a3d00000,0x00000007b19ffee8,0x00000007b1a00000)
  to   space 235520K, 0% used [0x00000007b1a00000,0x00000007b1a00000,0x00000007c0000000)
 ParOldGen       total 4076544K, used 3694361K [0x00000005d8400000, 0x00000006d1100000, 0x000000071d700000)
  object space 4076544K, 90% used [0x00000005d8400000,0x00000006b9bc6688,0x00000006d1100000)
 Metaspace       used 1859085K, capacity 1950117K, committed 1950360K, reserved 2756608K
  class space    used 228180K, capacity 243799K, committed 243880K, reserved 1048576K
}
Event: 2906.650 GC heap before
{Heap before GC invocations=1192 (full 20):
 PSYoungGen      total 2427904K, used 2427903K [0x000000071d700000, 0x00000007c0000000, 0x00000007c0000000)
  eden space 2201600K, 100% used [0x000000071d700000,0x00000007a3d00000,0x00000007a3d00000)
  from space 226304K, 99% used [0x00000007a3d00000,0x00000007b19ffee8,0x00000007b1a00000)
  to   space 235520K, 0% used [0x00000007b1a00000,0x00000007b1a00000,0x00000007c0000000)
 ParOldGen       total 4076544K, used 3694374K [0x00000005d8400000, 0x00000006d1100000, 0x000000071d700000)
  object space 4076544K, 90% used [0x00000005d8400000,0x00000006b9bc9820,0x00000006d1100000)
 Metaspace       used 1859232K, capacity 1950293K, committed 1950360K, reserved 2756608K
  class space    used 228188K, capacity 243831K, committed 243880K, reserved 1048576K
Event: 2906.814 GC heap after
Heap after GC invocations=1192 (full 20):
 PSYoungGen      total 2242560K, used 235494K [0x000000071d700000, 0x00000007c0000000, 0x00000007c0000000)
  eden space 2007040K, 0% used [0x000000071d700000,0x000000071d700000,0x0000000797f00000)
  from space 235520K, 99% used [0x00000007b1a00000,0x00000007bfff9ae8,0x00000007c0000000)
  to   space 328192K, 0% used [0x0000000797f00000,0x0000000797f00000,0x00000007abf80000)
 ParOldGen       total 4076544K, used 3782069K [0x00000005d8400000, 0x00000006d1100000, 0x000000071d700000)
  object space 4076544K, 92% used [0x00000005d8400000,0x00000006bf16d5a0,0x00000006d1100000)
 Metaspace       used 1859232K, capacity 1950293K, committed 1950360K, reserved 2756608K
  class space    used 228188K, capacity 243831K, committed 243880K, reserved 1048576K
}
Event: 2907.634 GC heap before
{Heap before GC invocations=1193 (full 20):
 PSYoungGen      total 2242560K, used 2242534K [0x000000071d700000, 0x00000007c0000000, 0x00000007c0000000)
  eden space 2007040K, 100% used [0x000000071d700000,0x0000000797f00000,0x0000000797f00000)
  from space 235520K, 99% used [0x00000007b1a00000,0x00000007bfff9ae8,0x00000007c0000000)
  to   space 328192K, 0% used [0x0000000797f00000,0x0000000797f00000,0x00000007abf80000)
 ParOldGen       total 4076544K, used 3782071K [0x00000005d8400000, 0x00000006d1100000, 0x000000071d700000)
  object space 4076544K, 92% used [0x00000005d8400000,0x00000006bf16de00,0x00000006d1100000)
 Metaspace       used 1859235K, capacity 1950293K, committed 1950360K, reserved 2756608K
  class space    used 228188K, capacity 243831K, committed 243880K, reserved 1048576K
Event: 2907.839 GC heap after
Heap after GC invocations=1193 (full 20):
 PSYoungGen      total 2335232K, used 328163K [0x000000071d700000, 0x00000007c0000000, 0x00000007c0000000)
  eden space 2007040K, 0% used [0x000000071d700000,0x000000071d700000,0x0000000797f00000)
  from space 328192K, 99% used [0x0000000797f00000,0x00000007abf78d58,0x00000007abf80000)
  to   space 328192K, 0% used [0x00000007abf80000,0x00000007abf80000,0x00000007c0000000)
 ParOldGen       total 4076544K, used 3842888K [0x00000005d8400000, 0x00000006d1100000, 0x000000071d700000)
  object space 4076544K, 94% used [0x00000005d8400000,0x00000006c2cd23a8,0x00000006d1100000)
 Metaspace       used 1859235K, capacity 1950293K, committed 1950360K, reserved 2756608K
  class space    used 228188K, capacity 243831K, committed 243880K, reserved 1048576K
}
Event: 2909.075 GC heap before
{Heap before GC invocations=1194 (full 20):
 PSYoungGen      total 2335232K, used 2335203K [0x000000071d700000, 0x00000007c0000000, 0x00000007c0000000)
  eden space 2007040K, 100% used [0x000000071d700000,0x0000000797f00000,0x0000000797f00000)
  from space 328192K, 99% used [0x0000000797f00000,0x00000007abf78d58,0x00000007abf80000)
  to   space 328192K, 0% used [0x00000007abf80000,0x00000007abf80000,0x00000007c0000000)
 ParOldGen       total 4076544K, used 3842888K [0x00000005d8400000, 0x00000006d1100000, 0x000000071d700000)
  object space 4076544K, 94% used [0x00000005d8400000,0x00000006c2cd23c8,0x00000006d1100000)
 Metaspace       used 1859244K, capacity 1950293K, committed 1950360K, reserved 2756608K
  class space    used 228188K, capacity 243831K, committed 243880K, reserved 1048576K
Event: 2909.454 GC heap after
Heap after GC invocations=1194 (full 20):
 PSYoungGen      total 2056704K, used 328165K [0x000000071d700000, 0x00000007c0000000, 0x00000007c0000000)
  eden space 1728512K, 0% used [0x000000071d700000,0x000000071d700000,0x0000000786f00000)
  from space 328192K, 99% used [0x00000007abf80000,0x00000007bfff9438,0x00000007c0000000)
  to   space 467456K, 0% used [0x0000000786f00000,0x0000000786f00000,0x00000007a3780000)
 ParOldGen       total 4076544K, used 3982760K [0x00000005d8400000, 0x00000006d1100000, 0x000000071d700000)
  object space 4076544K, 97% used [0x00000005d8400000,0x00000006cb56a098,0x00000006d1100000)
 Metaspace       used 1859244K, capacity 1950293K, committed 1950360K, reserved 2756608K
  class space    used 228188K, capacity 243831K, committed 243880K, reserved 1048576K
}
Event: 2909.457 GC heap before
{Heap before GC invocations=1195 (full 21):
 PSYoungGen      total 2056704K, used 328165K [0x000000071d700000, 0x00000007c0000000, 0x00000007c0000000)
  eden space 1728512K, 0% used [0x000000071d700000,0x000000071d700000,0x0000000786f00000)
  from space 328192K, 99% used [0x00000007abf80000,0x00000007bfff9438,0x00000007c0000000)
  to   space 467456K, 0% used [0x0000000786f00000,0x0000000786f00000,0x00000007a3780000)
 ParOldGen       total 4076544K, used 3982760K [0x00000005d8400000, 0x00000006d1100000, 0x000000071d700000)
  object space 4076544K, 97% used [0x00000005d8400000,0x00000006cb56a098,0x00000006d1100000)
 Metaspace       used 1859244K, capacity 1950293K, committed 1950360K, reserved 2756608K
  class space    used 228188K, capacity 243831K, committed 243880K, reserved 1048576K

