# JRE version: Java(TM) SE Runtime Environment (8.0_171-b11) (build 1.8.0_171-b11)
# Java VM: Java HotSpot(TM) 64-Bit Server VM (25.171-b11 mixed mode linux-amd64 compressed oops)
Heap:
 PSYoungGen      total 1911808K, used 0K [0x0000000711000000, 0x00000007c0000000, 0x00000007c0000000)
  eden space 956416K, 0% used [0x0000000711000000,0x0000000711000000,0x000000074b600000)
  from space 955392K, 0% used [0x000000074b600000,0x000000074b600000,0x0000000785b00000)
  to   space 955392K, 0% used [0x0000000785b00000,0x0000000785b00000,0x00000007c0000000)
 ParOldGen       total 4982272K, used 4945402K [0x00000005b3000000, 0x00000006e3180000, 0x0000000711000000)
  object space 4982272K, 99% used [0x00000005b3000000,0x00000006e0d7ea78,0x00000006e3180000)
 Metaspace       used 264740K, capacity 273728K, committed 336240K, reserved 1341440K
  class space    used 32246K, capacity 34636K, committed 43696K, reserved 1048576K
GC Heap History (10 events):
Event: 680.453 GC heap after
Heap after GC invocations=131 (full 9):
 PSYoungGen      total 1911808K, used 924689K [0x0000000711000000, 0x00000007c0000000, 0x00000007c0000000)
  eden space 956416K, 0% used [0x0000000711000000,0x0000000711000000,0x000000074b600000)
  from space 955392K, 96% used [0x0000000785b00000,0x00000007be2046e0,0x00000007c0000000)
  to   space 955392K, 0% used [0x000000074b600000,0x000000074b600000,0x0000000785b00000)
 ParOldGen       total 3663872K, used 3140206K [0x00000005b3000000, 0x0000000692a00000, 0x0000000711000000)
  object space 3663872K, 85% used [0x00000005b3000000,0x0000000672a9b830,0x0000000692a00000)
 Metaspace       used 264740K, capacity 273728K, committed 336240K, reserved 1341440K
  class space    used 32246K, capacity 34636K, committed 43696K, reserved 1048576K
}
Event: 681.675 GC heap before
{Heap before GC invocations=132 (full 9):
 PSYoungGen      total 1911808K, used 1881105K [0x0000000711000000, 0x00000007c0000000, 0x00000007c0000000)
  eden space 956416K, 100% used [0x0000000711000000,0x000000074b600000,0x000000074b600000)
  from space 955392K, 96% used [0x0000000785b00000,0x00000007be2046e0,0x00000007c0000000)
  to   space 955392K, 0% used [0x000000074b600000,0x000000074b600000,0x0000000785b00000)
 ParOldGen       total 3663872K, used 3140206K [0x00000005b3000000, 0x0000000692a00000, 0x0000000711000000)
  object space 3663872K, 85% used [0x00000005b3000000,0x0000000672a9b830,0x0000000692a00000)
 Metaspace       used 264740K, capacity 273728K, committed 336240K, reserved 1341440K
  class space    used 32246K, capacity 34636K, committed 43696K, reserved 1048576K
Event: 682.210 GC heap after
Heap after GC invocations=132 (full 9):
 PSYoungGen      total 1911808K, used 885890K [0x0000000711000000, 0x00000007c0000000, 0x00000007c0000000)
  eden space 956416K, 0% used [0x0000000711000000,0x0000000711000000,0x000000074b600000)
  from space 955392K, 92% used [0x000000074b600000,0x0000000781720a00,0x0000000785b00000)
  to   space 955392K, 0% used [0x0000000785b00000,0x0000000785b00000,0x00000007c0000000)
 ParOldGen       total 3663872K, used 3474542K [0x00000005b3000000, 0x0000000692a00000, 0x0000000711000000)
  object space 3663872K, 94% used [0x00000005b3000000,0x000000068711ba80,0x0000000692a00000)
 Metaspace       used 264740K, capacity 273728K, committed 336240K, reserved 1341440K
  class space    used 32246K, capacity 34636K, committed 43696K, reserved 1048576K
}
Event: 682.210 GC heap before
{Heap before GC invocations=133 (full 10):
 PSYoungGen      total 1911808K, used 885890K [0x0000000711000000, 0x00000007c0000000, 0x00000007c0000000)
  eden space 956416K, 0% used [0x0000000711000000,0x0000000711000000,0x000000074b600000)
  from space 955392K, 92% used [0x000000074b600000,0x0000000781720a00,0x0000000785b00000)
  to   space 955392K, 0% used [0x0000000785b00000,0x0000000785b00000,0x00000007c0000000)
 ParOldGen       total 3663872K, used 3474542K [0x00000005b3000000, 0x0000000692a00000, 0x0000000711000000)
  object space 3663872K, 94% used [0x00000005b3000000,0x000000068711ba80,0x0000000692a00000)
 Metaspace       used 264740K, capacity 273728K, committed 336240K, reserved 1341440K
  class space    used 32246K, capacity 34636K, committed 43696K, reserved 1048576K
Event: 689.536 GC heap after
Heap after GC invocations=133 (full 10):
 PSYoungGen      total 1911808K, used 691485K [0x0000000711000000, 0x00000007c0000000, 0x00000007c0000000)
  eden space 956416K, 0% used [0x0000000711000000,0x0000000711000000,0x000000074b600000)
  from space 955392K, 72% used [0x000000074b600000,0x0000000775947690,0x0000000785b00000)
  to   space 955392K, 0% used [0x0000000785b00000,0x0000000785b00000,0x00000007c0000000)
 ParOldGen       total 4982272K, used 3663712K [0x00000005b3000000, 0x00000006e3180000, 0x0000000711000000)
  object space 4982272K, 73% used [0x00000005b3000000,0x00000006929d8008,0x00000006e3180000)
 Metaspace       used 264740K, capacity 273728K, committed 336240K, reserved 1341440K
  class space    used 32246K, capacity 34636K, committed 43696K, reserved 1048576K
}
Event: 690.755 GC heap before
{Heap before GC invocations=134 (full 10):
 PSYoungGen      total 1911808K, used 1647901K [0x0000000711000000, 0x00000007c0000000, 0x00000007c0000000)
  eden space 956416K, 100% used [0x0000000711000000,0x000000074b600000,0x000000074b600000)
  from space 955392K, 72% used [0x000000074b600000,0x0000000775947690,0x0000000785b00000)
  to   space 955392K, 0% used [0x0000000785b00000,0x0000000785b00000,0x00000007c0000000)
 ParOldGen       total 4982272K, used 3663712K [0x00000005b3000000, 0x00000006e3180000, 0x0000000711000000)
  object space 4982272K, 73% used [0x00000005b3000000,0x00000006929d8008,0x00000006e3180000)
 Metaspace       used 264740K, capacity 273728K, committed 336240K, reserved 1341440K
  class space    used 32246K, capacity 34636K, committed 43696K, reserved 1048576K
Event: 691.511 GC heap after
Heap after GC invocations=134 (full 10):
 PSYoungGen      total 1911808K, used 573858K [0x0000000711000000, 0x00000007c0000000, 0x00000007c0000000)
  eden space 956416K, 0% used [0x0000000711000000,0x0000000711000000,0x000000074b600000)
  from space 955392K, 60% used [0x0000000785b00000,0x00000007a8b68aa0,0x00000007c0000000)
  to   space 955392K, 0% used [0x000000074b600000,0x000000074b600000,0x0000000785b00000)
 ParOldGen       total 4982272K, used 4079152K [0x00000005b3000000, 0x00000006e3180000, 0x0000000711000000)
  object space 4982272K, 81% used [0x00000005b3000000,0x00000006abf8c318,0x00000006e3180000)
 Metaspace       used 264740K, capacity 273728K, committed 336240K, reserved 1341440K
  class space    used 32246K, capacity 34636K, committed 43696K, reserved 1048576K
}
Event: 692.730 GC heap before
{Heap before GC invocations=135 (full 10):
 PSYoungGen      total 1911808K, used 1530274K [0x0000000711000000, 0x00000007c0000000, 0x00000007c0000000)
  eden space 956416K, 100% used [0x0000000711000000,0x000000074b600000,0x000000074b600000)
  from space 955392K, 60% used [0x0000000785b00000,0x00000007a8b68aa0,0x00000007c0000000)
  to   space 955392K, 0% used [0x000000074b600000,0x000000074b600000,0x0000000785b00000)
 ParOldGen       total 4982272K, used 4079152K [0x00000005b3000000, 0x00000006e3180000, 0x0000000711000000)
  object space 4982272K, 81% used [0x00000005b3000000,0x00000006abf8c318,0x00000006e3180000)
 Metaspace       used 264740K, capacity 273728K, committed 336240K, reserved 1341440K
  class space    used 32246K, capacity 34636K, committed 43696K, reserved 1048576K
Event: 693.216 GC heap after
Heap after GC invocations=135 (full 10):
 PSYoungGen      total 1911808K, used 295425K [0x0000000711000000, 0x00000007c0000000, 0x00000007c0000000)
  eden space 956416K, 0% used [0x0000000711000000,0x0000000711000000,0x000000074b600000)
  from space 955392K, 30% used [0x000000074b600000,0x000000075d680570,0x0000000785b00000)
  to   space 955392K, 0% used [0x0000000785b00000,0x0000000785b00000,0x00000007c0000000)
 ParOldGen       total 4982272K, used 4654611K [0x00000005b3000000, 0x00000006e3180000, 0x0000000711000000)
  object space 4982272K, 93% used [0x00000005b3000000,0x00000006cf184dc8,0x00000006e3180000)
 Metaspace       used 264740K, capacity 273728K, committed 336240K, reserved 1341440K
  class space    used 32246K, capacity 34636K, committed 43696K, reserved 1048576K
}
Event: 693.216 GC heap before
{Heap before GC invocations=136 (full 11):
 PSYoungGen      total 1911808K, used 295425K [0x0000000711000000, 0x00000007c0000000, 0x00000007c0000000)
  eden space 956416K, 0% used [0x0000000711000000,0x0000000711000000,0x000000074b600000)
  from space 955392K, 30% used [0x000000074b600000,0x000000075d680570,0x0000000785b00000)
  to   space 955392K, 0% used [0x0000000785b00000,0x0000000785b00000,0x00000007c0000000)
 ParOldGen       total 4982272K, used 4654611K [0x00000005b3000000, 0x00000006e3180000, 0x0000000711000000)
  object space 4982272K, 93% used [0x00000005b3000000,0x00000006cf184dc8,0x00000006e3180000)
 Metaspace       used 264740K, capacity 273728K, committed 336240K, reserved 1341440K
  class space    used 32246K, capacity 34636K, committed 43696K, reserved 1048576K

